Determining if the pthread_create exist failed with the following output:
Change Dir: /home/xiaobin/cassie_ws/build/CMakeFiles/CMakeTmp

Run Build Command:"/usr/bin/make" "cmTC_113ad/fast"
/usr/bin/make -f CMakeFiles/cmTC_113ad.dir/build.make CMakeFiles/cmTC_113ad.dir/build
make[1]: Entering directory '/home/xiaobin/cassie_ws/build/CMakeFiles/CMakeTmp'
Building C object CMakeFiles/cmTC_113ad.dir/CheckSymbolExists.c.o
/usr/bin/cc    -o CMakeFiles/cmTC_113ad.dir/CheckSymbolExists.c.o   -c /home/xiaobin/cassie_ws/build/CMakeFiles/CMakeTmp/CheckSymbolExists.c
Linking C executable cmTC_113ad
/usr/bin/cmake -E cmake_link_script CMakeFiles/cmTC_113ad.dir/link.txt --verbose=1
/usr/bin/cc      -rdynamic CMakeFiles/cmTC_113ad.dir/CheckSymbolExists.c.o  -o cmTC_113ad 
CMakeFiles/cmTC_113ad.dir/CheckSymbolExists.c.o: In function `main':
CheckSymbolExists.c:(.text+0x1b): undefined reference to `pthread_create'
collect2: error: ld returned 1 exit status
CMakeFiles/cmTC_113ad.dir/build.make:97: recipe for target 'cmTC_113ad' failed
make[1]: *** [cmTC_113ad] Error 1
make[1]: Leaving directory '/home/xiaobin/cassie_ws/build/CMakeFiles/CMakeTmp'
Makefile:126: recipe for target 'cmTC_113ad/fast' failed
make: *** [cmTC_113ad/fast] Error 2

File /home/xiaobin/cassie_ws/build/CMakeFiles/CMakeTmp/CheckSymbolExists.c:
/* */
#include <pthread.h>

int main(int argc, char** argv)
{
  (void)argv;
#ifndef pthread_create
  return ((int*)(&pthread_create))[argc];
#else
  (void)argc;
  return 0;
#endif
}

Determining if the function pthread_create exists in the pthreads failed with the following output:
Change Dir: /home/xiaobin/cassie_ws/build/CMakeFiles/CMakeTmp

Run Build Command:"/usr/bin/make" "cmTC_ca538/fast"
/usr/bin/make -f CMakeFiles/cmTC_ca538.dir/build.make CMakeFiles/cmTC_ca538.dir/build
make[1]: Entering directory '/home/xiaobin/cassie_ws/build/CMakeFiles/CMakeTmp'
Building C object CMakeFiles/cmTC_ca538.dir/CheckFunctionExists.c.o
/usr/bin/cc   -DCHECK_FUNCTION_EXISTS=pthread_create   -o CMakeFiles/cmTC_ca538.dir/CheckFunctionExists.c.o   -c /usr/share/cmake-3.10/Modules/CheckFunctionExists.c
Linking C executable cmTC_ca538
/usr/bin/cmake -E cmake_link_script CMakeFiles/cmTC_ca538.dir/link.txt --verbose=1
/usr/bin/cc  -DCHECK_FUNCTION_EXISTS=pthread_create    -rdynamic CMakeFiles/cmTC_ca538.dir/CheckFunctionExists.c.o  -o cmTC_ca538 -lpthreads 
/usr/bin/ld: cannot find -lpthreads
collect2: error: ld returned 1 exit status
CMakeFiles/cmTC_ca538.dir/build.make:97: recipe for target 'cmTC_ca538' failed
make[1]: *** [cmTC_ca538] Error 1
make[1]: Leaving directory '/home/xiaobin/cassie_ws/build/CMakeFiles/CMakeTmp'
Makefile:126: recipe for target 'cmTC_ca538/fast' failed
make: *** [cmTC_ca538/fast] Error 2


